{
  "stats": {
    "suites": 5,
    "tests": 7,
    "passes": 7,
    "pending": 0,
    "failures": 0,
    "start": "2022-09-16T23:40:28.498Z",
    "end": "2022-09-16T23:40:28.957Z",
    "duration": 459,
    "testsRegistered": 7,
    "passPercent": 100,
    "pendingPercent": 0,
    "other": 0,
    "hasOther": false,
    "skipped": 0,
    "hasSkipped": false
  },
  "results": [
    {
      "uuid": "5fda7482-cbd2-44da-b2dd-ce696fba4c07",
      "title": "",
      "fullFile": "",
      "file": "",
      "beforeHooks": [],
      "afterHooks": [],
      "tests": [],
      "suites": [
        {
          "uuid": "02c30a29-cf74-4506-a550-e7cc1445d126",
          "title": "Check If User Was Created",
          "fullFile": "/Users/jones/Desktop/Code_Snipits/mocha-chai-unit-testing/test/create_user.test.js",
          "file": "/test/create_user.test.js",
          "beforeHooks": [
            {
              "title": "\"before all\" hook in \"Check If User Was Created\"",
              "fullTitle": "Check If User Was Created \"before all\" hook in \"Check If User Was Created\"",
              "timedOut": false,
              "duration": 59,
              "state": null,
              "speed": null,
              "pass": false,
              "fail": false,
              "pending": false,
              "context": null,
              "code": "user = await createUser()",
              "err": {},
              "uuid": "ebdb851c-e52d-4bad-8ccd-a44cb328d24f",
              "parentUUID": "02c30a29-cf74-4506-a550-e7cc1445d126",
              "isHook": true,
              "skipped": false
            }
          ],
          "afterHooks": [
            {
              "title": "\"after all\" hook in \"Check If User Was Created\"",
              "fullTitle": "Check If User Was Created \"after all\" hook in \"Check If User Was Created\"",
              "timedOut": false,
              "duration": 1,
              "state": null,
              "speed": null,
              "pass": false,
              "fail": false,
              "pending": false,
              "context": null,
              "code": "axios.delete(API_URL + `users/${user.data._id}`)\ndone()",
              "err": {},
              "uuid": "3da40dbe-379b-400d-ac90-448f2d018068",
              "parentUUID": "02c30a29-cf74-4506-a550-e7cc1445d126",
              "isHook": true,
              "skipped": false
            }
          ],
          "tests": [
            {
              "title": "Create user",
              "fullTitle": "Check If User Was Created Create user",
              "timedOut": false,
              "duration": 0,
              "state": "passed",
              "speed": "fast",
              "pass": true,
              "fail": false,
              "pending": false,
              "context": null,
              "code": "expect(user.data.name).to.be.equal('Somebody Else')\nexpect(user.data.email).to.be.equal('somebodyelse@gmail.com')\nexpect(user.data.age).to.be.equal(25)\nuser.data.should.have.property('name')\nuser.data.should.have.property('email')\nuser.data.should.have.property('age')",
              "err": {},
              "uuid": "48683e4a-0b1f-48ce-a440-3b24d9664fe5",
              "parentUUID": "02c30a29-cf74-4506-a550-e7cc1445d126",
              "isHook": false,
              "skipped": false
            }
          ],
          "suites": [],
          "passes": [
            "48683e4a-0b1f-48ce-a440-3b24d9664fe5"
          ],
          "failures": [],
          "pending": [],
          "skipped": [],
          "duration": 0,
          "root": false,
          "rootEmpty": false,
          "_timeout": 2000
        },
        {
          "uuid": "3b34efa1-b5ef-43df-9cd0-99c7cb168cfc",
          "title": "Check If User Was Deleted",
          "fullFile": "/Users/jones/Desktop/Code_Snipits/mocha-chai-unit-testing/test/delete_user.test.js",
          "file": "/test/delete_user.test.js",
          "beforeHooks": [
            {
              "title": "\"before all\" hook in \"Check If User Was Deleted\"",
              "fullTitle": "Check If User Was Deleted \"before all\" hook in \"Check If User Was Deleted\"",
              "timedOut": false,
              "duration": 176,
              "state": null,
              "speed": null,
              "pass": false,
              "fail": false,
              "pending": false,
              "context": null,
              "code": "user = await createUser()",
              "err": {},
              "uuid": "6dac0c54-bd47-489f-ae6e-36675f789385",
              "parentUUID": "3b34efa1-b5ef-43df-9cd0-99c7cb168cfc",
              "isHook": true,
              "skipped": false
            }
          ],
          "afterHooks": [],
          "tests": [
            {
              "title": "Delete user",
              "fullTitle": "Check If User Was Deleted Delete user",
              "timedOut": false,
              "duration": 56,
              "state": "passed",
              "speed": "medium",
              "pass": true,
              "fail": false,
              "pending": false,
              "context": null,
              "code": "const response = await axios.delete(API_URL + `users/${user.data._id}`)\nexpect(response.status).to.be.equal(200)\nexpect(response.data.data).to.be.a('string')",
              "err": {},
              "uuid": "dd63866b-3120-44f0-b2f0-4dda51b255c4",
              "parentUUID": "3b34efa1-b5ef-43df-9cd0-99c7cb168cfc",
              "isHook": false,
              "skipped": false
            }
          ],
          "suites": [],
          "passes": [
            "dd63866b-3120-44f0-b2f0-4dda51b255c4"
          ],
          "failures": [],
          "pending": [],
          "skipped": [],
          "duration": 56,
          "root": false,
          "rootEmpty": false,
          "_timeout": 2000
        },
        {
          "uuid": "9970f1d6-3300-48c9-990f-0218f9c5361d",
          "title": "Get All Users Info",
          "fullFile": "/Users/jones/Desktop/Code_Snipits/mocha-chai-unit-testing/test/get_all_users.test.js",
          "file": "/test/get_all_users.test.js",
          "beforeHooks": [
            {
              "title": "\"before all\" hook in \"Get All Users Info\"",
              "fullTitle": "Get All Users Info \"before all\" hook in \"Get All Users Info\"",
              "timedOut": false,
              "duration": 33,
              "state": null,
              "speed": null,
              "pass": false,
              "fail": false,
              "pending": false,
              "context": null,
              "code": "user = await getAllUsers()",
              "err": {},
              "uuid": "1f280d91-e348-4489-828e-f0178403f895",
              "parentUUID": "9970f1d6-3300-48c9-990f-0218f9c5361d",
              "isHook": true,
              "skipped": false
            }
          ],
          "afterHooks": [],
          "tests": [
            {
              "title": "Check Get All Users Status Code",
              "fullTitle": "Get All Users Info Check Get All Users Status Code",
              "timedOut": false,
              "duration": 0,
              "state": "passed",
              "speed": "fast",
              "pass": true,
              "fail": false,
              "pending": false,
              "context": null,
              "code": "expect(user.status).to.be.equal(200)",
              "err": {},
              "uuid": "e9fefd42-9a62-4241-b148-3f431a82d6e8",
              "parentUUID": "9970f1d6-3300-48c9-990f-0218f9c5361d",
              "isHook": false,
              "skipped": false
            },
            {
              "title": "Verify response being returned is an array",
              "fullTitle": "Get All Users Info Verify response being returned is an array",
              "timedOut": false,
              "duration": 0,
              "state": "passed",
              "speed": "fast",
              "pass": true,
              "fail": false,
              "pending": false,
              "context": null,
              "code": "expect(user.data).to.be.an('array')",
              "err": {},
              "uuid": "eccf5e8f-e300-43d9-b692-e6f9081511c6",
              "parentUUID": "9970f1d6-3300-48c9-990f-0218f9c5361d",
              "isHook": false,
              "skipped": false
            },
            {
              "title": "Verify all users are being returned by checking the length of array",
              "fullTitle": "Get All Users Info Verify all users are being returned by checking the length of array",
              "timedOut": false,
              "duration": 1,
              "state": "passed",
              "speed": "fast",
              "pass": true,
              "fail": false,
              "pending": false,
              "context": null,
              "code": "expect(user.data).to.be.lengthOf.gte(3)",
              "err": {},
              "uuid": "a6d10e33-743f-484e-8949-0373a6e067b6",
              "parentUUID": "9970f1d6-3300-48c9-990f-0218f9c5361d",
              "isHook": false,
              "skipped": false
            }
          ],
          "suites": [],
          "passes": [
            "e9fefd42-9a62-4241-b148-3f431a82d6e8",
            "eccf5e8f-e300-43d9-b692-e6f9081511c6",
            "a6d10e33-743f-484e-8949-0373a6e067b6"
          ],
          "failures": [],
          "pending": [],
          "skipped": [],
          "duration": 1,
          "root": false,
          "rootEmpty": false,
          "_timeout": 2000
        },
        {
          "uuid": "1c5aed3f-fbce-472f-91d6-9d3a93f10076",
          "title": "Check User Info",
          "fullFile": "/Users/jones/Desktop/Code_Snipits/mocha-chai-unit-testing/test/get_single_user.test.js",
          "file": "/test/get_single_user.test.js",
          "beforeHooks": [
            {
              "title": "\"before all\" hook in \"Check User Info\"",
              "fullTitle": "Check User Info \"before all\" hook in \"Check User Info\"",
              "timedOut": false,
              "duration": 31,
              "state": null,
              "speed": null,
              "pass": false,
              "fail": false,
              "pending": false,
              "context": null,
              "code": "user = await createUser()",
              "err": {},
              "uuid": "1ecc2f1c-2581-4740-be7b-6ae0c948962c",
              "parentUUID": "1c5aed3f-fbce-472f-91d6-9d3a93f10076",
              "isHook": true,
              "skipped": false
            }
          ],
          "afterHooks": [
            {
              "title": "\"after all\" hook in \"Check User Info\"",
              "fullTitle": "Check User Info \"after all\" hook in \"Check User Info\"",
              "timedOut": false,
              "duration": 1,
              "state": null,
              "speed": null,
              "pass": false,
              "fail": false,
              "pending": false,
              "context": null,
              "code": "axios.delete(API_URL + `users/${user.data._id}`)\ndone()",
              "err": {},
              "uuid": "0a1f5c3e-5f79-424c-91ca-9afa3c8a4bc9",
              "parentUUID": "1c5aed3f-fbce-472f-91d6-9d3a93f10076",
              "isHook": true,
              "skipped": false
            }
          ],
          "tests": [
            {
              "title": "Check status code, properties and user id",
              "fullTitle": "Check User Info Check status code, properties and user id",
              "timedOut": false,
              "duration": 26,
              "state": "passed",
              "speed": "fast",
              "pass": true,
              "fail": false,
              "pending": false,
              "context": null,
              "code": "const response = await axios.get(API_URL + `users/getme/${user.data._id}`)\nexpect(response.status).to.be.equal(200)\nexpect(response.data.data._id).to.be.equal(user.data._id)\nresponse.data.data.should.have.property('name')\nresponse.data.data.should.have.property('email')\nresponse.data.data.should.have.property('age')",
              "err": {},
              "uuid": "f7b08184-d763-44b0-bdbb-c2308062dfc5",
              "parentUUID": "1c5aed3f-fbce-472f-91d6-9d3a93f10076",
              "isHook": false,
              "skipped": false
            }
          ],
          "suites": [],
          "passes": [
            "f7b08184-d763-44b0-bdbb-c2308062dfc5"
          ],
          "failures": [],
          "pending": [],
          "skipped": [],
          "duration": 26,
          "root": false,
          "rootEmpty": false,
          "_timeout": 2000
        },
        {
          "uuid": "a0f1d1f3-48e4-4cab-a840-934aabdf1a95",
          "title": "Check If User Was Updated",
          "fullFile": "/Users/jones/Desktop/Code_Snipits/mocha-chai-unit-testing/test/update_user.test.js",
          "file": "/test/update_user.test.js",
          "beforeHooks": [
            {
              "title": "\"before all\" hook in \"Check If User Was Updated\"",
              "fullTitle": "Check If User Was Updated \"before all\" hook in \"Check If User Was Updated\"",
              "timedOut": false,
              "duration": 32,
              "state": null,
              "speed": null,
              "pass": false,
              "fail": false,
              "pending": false,
              "context": null,
              "code": "user = await createUser()",
              "err": {},
              "uuid": "a2907778-5a54-4e9f-901f-9f9424adf99c",
              "parentUUID": "a0f1d1f3-48e4-4cab-a840-934aabdf1a95",
              "isHook": true,
              "skipped": false
            }
          ],
          "afterHooks": [
            {
              "title": "\"after all\" hook in \"Check If User Was Updated\"",
              "fullTitle": "Check If User Was Updated \"after all\" hook in \"Check If User Was Updated\"",
              "timedOut": false,
              "duration": 1,
              "state": null,
              "speed": null,
              "pass": false,
              "fail": false,
              "pending": false,
              "context": null,
              "code": "axios.delete(API_URL + `users/${user.data._id}`)\ndone()",
              "err": {},
              "uuid": "27407319-789a-4d59-99a6-8f75405155a5",
              "parentUUID": "a0f1d1f3-48e4-4cab-a840-934aabdf1a95",
              "isHook": true,
              "skipped": false
            }
          ],
          "tests": [
            {
              "title": "Updates user",
              "fullTitle": "Check If User Was Updated Updates user",
              "timedOut": false,
              "duration": 34,
              "state": "passed",
              "speed": "fast",
              "pass": true,
              "fail": false,
              "pending": false,
              "context": null,
              "code": "const userPayload = {\n  name: 'Test Person',\n  email: 'testperson@gmail.com',\n  age: 20,\n}\nconst response = await axios.put(\n  API_URL + `users/updateuser/${user.data._id}`,\n  userPayload\n)\nexpect(response.data).to.be.an('object')\nexpect(response.status).to.be.equal(200)\nexpect(response.data.data.name).to.be.equal('Test Person')",
              "err": {},
              "uuid": "51c93faf-a60f-437f-bc9b-6af81687720a",
              "parentUUID": "a0f1d1f3-48e4-4cab-a840-934aabdf1a95",
              "isHook": false,
              "skipped": false
            }
          ],
          "suites": [],
          "passes": [
            "51c93faf-a60f-437f-bc9b-6af81687720a"
          ],
          "failures": [],
          "pending": [],
          "skipped": [],
          "duration": 34,
          "root": false,
          "rootEmpty": false,
          "_timeout": 2000
        }
      ],
      "passes": [],
      "failures": [],
      "pending": [],
      "skipped": [],
      "duration": 0,
      "root": true,
      "rootEmpty": true,
      "_timeout": 2000
    }
  ],
  "meta": {
    "mocha": {
      "version": "10.0.0"
    },
    "mochawesome": {
      "options": {
        "quiet": false,
        "reportFilename": "mochawesome",
        "saveHtml": true,
        "saveJson": true,
        "consoleReporter": "spec",
        "useInlineDiffs": false,
        "code": true
      },
      "version": "7.1.3"
    },
    "marge": {
      "options": null,
      "version": "6.2.0"
    }
  }
}